TN:
SF:./app/main/js/main.module.js
FN:2,(anonymous_1)
FNF:1
FNH:1
FNDA:8,(anonymous_1)
DA:1,1
DA:4,8
LF:2
LH:2
BRF:0
BRH:0
end_of_record
TN:
SF:./app/main/js/app.controller.js
FN:1,(anonymous_1)
FNF:1
FNH:0
FNDA:0,(anonymous_1)
DA:1,1
DA:3,0
LF:2
LH:1
BRF:0
BRH:0
end_of_record
TN:
SF:./app/main/js/current-context-path.service.js
FN:1,(anonymous_1)
FN:5,(anonymous_2)
FNF:2
FNH:1
FNDA:4,(anonymous_1)
FNDA:0,(anonymous_2)
DA:1,1
DA:3,4
DA:4,4
DA:6,0
DA:10,0
DA:11,0
DA:12,0
DA:13,0
DA:14,0
DA:15,0
DA:16,0
DA:17,0
DA:18,0
DA:23,0
LF:14
LH:3
BRDA:6,1,0,0
BRDA:6,1,1,0
BRDA:10,2,0,0
BRDA:10,2,1,0
BRDA:13,3,0,0
BRDA:13,3,1,0
BRDA:13,4,0,0
BRDA:13,4,1,0
BRDA:15,5,0,0
BRDA:15,5,1,0
BRDA:17,6,0,0
BRDA:17,6,1,0
BRF:12
BRH:0
end_of_record
TN:
SF:./app/books/js/books.module.js
FN:1,(anonymous_1)
FNF:1
FNH:1
FNDA:5,(anonymous_1)
DA:1,1
DA:3,5
LF:2
LH:2
BRF:0
BRH:0
end_of_record
TN:
SF:./app/books/js/book-modal.add-author-controller.js
FN:1,(anonymous_1)
FN:7,AuthorTo
FN:13,(anonymous_3)
FNF:3
FNH:0
FNDA:0,(anonymous_1)
FNDA:0,AuthorTo
FNDA:0,(anonymous_3)
DA:1,1
DA:4,0
DA:5,0
DA:7,1
DA:8,0
DA:9,0
DA:10,0
DA:13,0
DA:14,0
LF:9
LH:2
BRF:0
BRH:0
end_of_record
TN:
SF:./app/books/js/book-modal.add-book-controller.js
FN:1,(anonymous_1)
FN:14,(anonymous_2)
FN:18,(anonymous_3)
FN:24,(anonymous_4)
FN:30,(anonymous_5)
FN:34,(anonymous_6)
FNF:6
FNH:0
FNDA:0,(anonymous_1)
FNDA:0,(anonymous_2)
FNDA:0,(anonymous_3)
FNDA:0,(anonymous_4)
FNDA:0,(anonymous_5)
FNDA:0,(anonymous_6)
DA:1,1
DA:4,0
DA:5,0
DA:7,0
DA:8,0
DA:10,0
DA:11,0
DA:12,0
DA:14,0
DA:15,0
DA:18,0
DA:19,0
DA:24,0
DA:25,0
DA:26,0
DA:30,0
DA:31,0
DA:34,0
DA:35,0
DA:36,0
DA:37,0
DA:39,0
LF:22
LH:1
BRDA:35,1,0,0
BRDA:35,1,1,0
BRF:2
BRH:0
end_of_record
TN:
SF:./app/books/js/book-search.controller.js
FN:1,(anonymous_1)
FN:9,(anonymous_2)
FN:15,ModalProperties
FN:22,(anonymous_4)
FN:34,(anonymous_5)
FN:35,(anonymous_6)
FN:37,(anonymous_7)
FN:42,(anonymous_8)
FN:44,(anonymous_9)
FN:50,(anonymous_10)
FN:70,(anonymous_11)
FN:75,(anonymous_12)
FN:76,(anonymous_13)
FN:84,(anonymous_14)
FN:88,(anonymous_15)
FNF:15
FNH:6
FNDA:4,(anonymous_1)
FNDA:0,(anonymous_2)
FNDA:0,ModalProperties
FNDA:1,(anonymous_4)
FNDA:1,(anonymous_5)
FNDA:1,(anonymous_6)
FNDA:0,(anonymous_7)
FNDA:1,(anonymous_8)
FNDA:1,(anonymous_9)
FNDA:0,(anonymous_10)
FNDA:0,(anonymous_11)
FNDA:0,(anonymous_12)
FNDA:0,(anonymous_13)
FNDA:0,(anonymous_14)
FNDA:0,(anonymous_15)
DA:1,1
DA:4,4
DA:5,4
DA:6,4
DA:7,4
DA:9,4
DA:10,0
DA:11,0
DA:12,0
DA:15,1
DA:16,0
DA:17,0
DA:18,0
DA:19,0
DA:22,4
DA:23,1
DA:24,1
DA:25,1
DA:26,1
DA:27,1
DA:28,1
DA:31,1
DA:34,4
DA:35,1
DA:36,1
DA:38,0
DA:42,4
DA:44,1
DA:45,1
DA:46,1
DA:50,4
DA:51,0
DA:52,0
DA:53,0
DA:54,0
DA:59,0
DA:64,0
DA:71,0
DA:75,0
DA:76,0
DA:77,0
DA:78,0
DA:80,0
DA:82,0
DA:83,0
DA:85,0
DA:88,0
DA:89,0
LF:48
LH:23
BRDA:25,1,0,1
BRDA:25,1,1,0
BRDA:53,2,0,0
BRDA:53,2,1,0
BRDA:77,3,0,0
BRDA:77,3,1,0
BRF:6
BRH:1
end_of_record
TN:
SF:./app/books/js/book-search.rest.service.js
FN:1,(anonymous_1)
FN:5,(anonymous_2)
FN:8,(anonymous_3)
FN:11,(anonymous_4)
FNF:4
FNH:1
FNDA:4,(anonymous_1)
FNDA:0,(anonymous_2)
FNDA:0,(anonymous_3)
FNDA:0,(anonymous_4)
DA:1,1
DA:4,4
DA:6,0
DA:9,0
DA:12,0
LF:5
LH:2
BRF:0
BRH:0
end_of_record
TN:
SF:./app/books/js/book-search.service.js
FN:1,(anonymous_1)
FN:5,(anonymous_2)
FN:8,(anonymous_3)
FN:11,(anonymous_4)
FNF:4
FNH:1
FNDA:4,(anonymous_1)
FNDA:0,(anonymous_2)
FNDA:0,(anonymous_3)
FNDA:0,(anonymous_4)
DA:1,1
DA:4,4
DA:6,0
DA:9,0
DA:12,0
LF:5
LH:2
BRF:0
BRH:0
end_of_record
TN:
SF:./app/authors/js/authors.module.js
FN:1,(anonymous_1)
FNF:1
FNH:1
FNDA:1,(anonymous_1)
DA:1,1
DA:3,1
LF:2
LH:2
BRF:0
BRH:0
end_of_record
TN:
SF:./app/authors/js/author-search.controller.js
FN:1,(anonymous_1)
FN:8,(anonymous_2)
FN:9,(anonymous_3)
FN:11,(anonymous_4)
FNF:4
FNH:0
FNDA:0,(anonymous_1)
FNDA:0,(anonymous_2)
FNDA:0,(anonymous_3)
FNDA:0,(anonymous_4)
DA:1,1
DA:4,0
DA:5,0
DA:6,0
DA:8,0
DA:9,0
DA:10,0
DA:12,0
LF:8
LH:1
BRF:0
BRH:0
end_of_record
TN:
SF:./app/authors/js/author-search.rest.service.js
FN:1,(anonymous_1)
FN:5,(anonymous_2)
FNF:2
FNH:0
FNDA:0,(anonymous_1)
FNDA:0,(anonymous_2)
DA:1,1
DA:4,0
DA:6,0
LF:3
LH:1
BRF:0
BRH:0
end_of_record
TN:
SF:./app/authors/js/author-search.service.js
FN:1,(anonymous_1)
FN:5,(anonymous_2)
FNF:2
FNH:0
FNDA:0,(anonymous_1)
FNDA:0,(anonymous_2)
DA:1,1
DA:4,0
DA:6,0
LF:3
LH:1
BRF:0
BRH:0
end_of_record
TN:
SF:./app/component-2/js/component-2.module.js
FN:2,(anonymous_1)
FNF:1
FNH:1
FNDA:1,(anonymous_1)
DA:1,1
DA:4,1
LF:2
LH:2
BRF:0
BRH:0
end_of_record
